This is pdfTeX, Version 3.14159265-2.6-1.40.21 (MiKTeX 2.9.7420 64-bit) (preloaded format=pdflatex 2020.5.14)  27 MAY 2020 11:25
entering extended mode
**./main.tex
(main.tex
LaTeX2e <2020-02-02> patch level 5
L3 programming layer <2020-05-11>
("C:\Users\m_albezem\AppData\Local\Programs\MiKTeX 2.9\tex/latex/base\book.cls"
Document Class: book 2019/12/20 v1.4l Standard LaTeX document class
("C:\Users\m_albezem\AppData\Local\Programs\MiKTeX 2.9\tex/latex/base\bk11.clo"
File: bk11.clo 2019/12/20 v1.4l Standard LaTeX file (size option)
)
\c@part=\count167
\c@chapter=\count168
\c@section=\count169
\c@subsection=\count170
\c@subsubsection=\count171
\c@paragraph=\count172
\c@subparagraph=\count173
\c@figure=\count174
\c@table=\count175
\abovecaptionskip=\skip47
\belowcaptionskip=\skip48
\bibindent=\dimen134
)
("C:\Users\m_albezem\AppData\Local\Programs\MiKTeX 2.9\tex/generic/babel\babel.
sty"
Package: babel 2020/04/28 3.43 The Babel package

("C:\Users\m_albezem\AppData\Local\Programs\MiKTeX 2.9\tex/generic/babel\babel.
def"
File: babel.def 2020/04/28 3.43 Babel common definitions
\babel@savecnt=\count176
\U@D=\dimen135

("C:\Users\m_albezem\AppData\Local\Programs\MiKTeX 2.9\tex/generic/babel\txtbab
el.def")
\bbl@readstream=\read2
)
\bbl@dirlevel=\count177

*************************************
* Local config file bblopts.cfg used
*

("C:\Users\m_albezem\AppData\Local\Programs\MiKTeX 2.9\tex/latex/arabi\bblopts.
cfg"
File: bblopts.cfg 2005/09/08 v0.1 add Arabic and Farsi to "declared" options of
 babel
)
("C:\Users\m_albezem\AppData\Local\Programs\MiKTeX 2.9\tex/latex/babel-german\n
german.ldf"
Language: ngerman 2018/12/08 v2.11 German support for babel (post-1996 orthogra
phy)

("C:\Users\m_albezem\AppData\Local\Programs\MiKTeX 2.9\tex/latex/babel-german\n
germanb.ldf"
Language: ngermanb 2018/12/08 v2.11 German support for babel (post-1996 orthogr
aphy)
Package babel Info: Making " an active character on input line 121.
)))
("C:\Users\m_albezem\AppData\Local\Programs\MiKTeX 2.9\tex/latex/pdfpages\pdfpa
ges.sty"
Package: pdfpages 2020/01/28 v0.5q Insert pages of external PDF documents (AM)

("C:\Users\m_albezem\AppData\Local\Programs\MiKTeX 2.9\tex/latex/base\ifthen.st
y"
Package: ifthen 2014/09/29 v1.1c Standard LaTeX ifthen package (DPC)
)
("C:\Users\m_albezem\AppData\Local\Programs\MiKTeX 2.9\tex/latex/tools\calc.sty
"
Package: calc 2017/05/25 v4.3 Infix arithmetic (KKT,FJ)
\calc@Acount=\count178
\calc@Bcount=\count179
\calc@Adimen=\dimen136
\calc@Bdimen=\dimen137
\calc@Askip=\skip49
\calc@Bskip=\skip50
LaTeX Info: Redefining \setlength on input line 80.
LaTeX Info: Redefining \addtolength on input line 81.
\calc@Ccount=\count180
\calc@Cskip=\skip51
)
("C:\Users\m_albezem\AppData\Local\Programs\MiKTeX 2.9\tex/latex/eso-pic\eso-pi
c.sty"
Package: eso-pic 2018/04/12 v2.0h eso-pic (RN)

("C:\Users\m_albezem\AppData\Local\Programs\MiKTeX 2.9\tex/generic/atbegshi\atb
egshi.sty"
Package: atbegshi 2019/12/05 v1.19 At begin shipout hook (HO)

("C:\Users\m_albezem\AppData\Local\Programs\MiKTeX 2.9\tex/generic/infwarerr\in
fwarerr.sty"
Package: infwarerr 2019/12/03 v1.5 Providing info/warning/error messages (HO)
)
("C:\Users\m_albezem\AppData\Local\Programs\MiKTeX 2.9\tex/generic/ltxcmds\ltxc
mds.sty"
Package: ltxcmds 2019/12/15 v1.24 LaTeX kernel commands for general use (HO)
)
("C:\Users\m_albezem\AppData\Local\Programs\MiKTeX 2.9\tex/generic/iftex\iftex.
sty"
Package: iftex 2020/03/06 v1.0d TeX engine tests
))
("C:\Users\m_albezem\AppData\Local\Programs\MiKTeX 2.9\tex/latex/graphics\keyva
l.sty"
Package: keyval 2014/10/28 v1.15 key=value parser (DPC)
\KV@toks@=\toks15
)
("C:\Users\m_albezem\AppData\Local\Programs\MiKTeX 2.9\tex/latex/xcolor\xcolor.
sty"
Package: xcolor 2016/05/11 v2.12 LaTeX color extensions (UK)

("C:\Users\m_albezem\AppData\Local\Programs\MiKTeX 2.9\tex/latex/graphics-cfg\c
olor.cfg"
File: color.cfg 2016/01/02 v1.6 sample color configuration
)
Package xcolor Info: Driver file: pdftex.def on input line 225.

("C:\Users\m_albezem\AppData\Local\Programs\MiKTeX 2.9\tex/latex/graphics-def\p
dftex.def"
File: pdftex.def 2018/01/08 v1.0l Graphics/color driver for pdftex
)
Package xcolor Info: Model `cmy' substituted by `cmy0' on input line 1348.
Package xcolor Info: Model `hsb' substituted by `rgb' on input line 1352.
Package xcolor Info: Model `RGB' extended on input line 1364.
Package xcolor Info: Model `HTML' substituted by `rgb' on input line 1366.
Package xcolor Info: Model `Hsb' substituted by `hsb' on input line 1367.
Package xcolor Info: Model `tHsb' substituted by `hsb' on input line 1368.
Package xcolor Info: Model `HSB' substituted by `hsb' on input line 1369.
Package xcolor Info: Model `Gray' substituted by `gray' on input line 1370.
Package xcolor Info: Model `wave' substituted by `hsb' on input line 1371.
))
("C:\Users\m_albezem\AppData\Local\Programs\MiKTeX 2.9\tex/latex/graphics\graph
icx.sty"
Package: graphicx 2019/11/30 v1.2a Enhanced LaTeX Graphics (DPC,SPQR)

("C:\Users\m_albezem\AppData\Local\Programs\MiKTeX 2.9\tex/latex/graphics\graph
ics.sty"
Package: graphics 2019/11/30 v1.4a Standard LaTeX Graphics (DPC,SPQR)

("C:\Users\m_albezem\AppData\Local\Programs\MiKTeX 2.9\tex/latex/graphics\trig.
sty"
Package: trig 2016/01/03 v1.10 sin cos tan (DPC)
)
("C:\Users\m_albezem\AppData\Local\Programs\MiKTeX 2.9\tex/latex/graphics-cfg\g
raphics.cfg"
File: graphics.cfg 2016/06/04 v1.11 sample graphics configuration
)
Package graphics Info: Driver file: pdftex.def on input line 105.
)
\Gin@req@height=\dimen138
\Gin@req@width=\dimen139
)
\AM@pagewidth=\dimen140
\AM@pageheight=\dimen141

("C:\Users\m_albezem\AppData\Local\Programs\MiKTeX 2.9\tex/latex/pdfpages\pppdf
tex.def"
File: pppdftex.def 2020/01/28 v0.5q Pdfpages driver for pdfTeX (AM)
)
\AM@pagebox=\box45
\AM@global@opts=\toks16
\AM@pagecnt=\count181
\AM@toc@title=\toks17
\c@AM@survey=\count182
\AM@templatesizebox=\box46
)
\@input{i10preamble.aux}
\openout2 = `i10preamble.aux'.

(i10preamble.tex
("C:\Users\m_albezem\AppData\Local\Programs\MiKTeX 2.9\tex/latex/base\inputenc.
sty"
Package: inputenc 2018/08/11 v1.3c Input encoding file
\inpenc@prehook=\toks18
\inpenc@posthook=\toks19
)
("C:\Users\m_albezem\AppData\Local\Programs\MiKTeX 2.9\tex/latex/base\latexsym.
sty"
Package: latexsym 1998/08/17 v2.2e Standard LaTeX package (lasy symbols)
\symlasy=\mathgroup4
LaTeX Font Info:    Overwriting symbol font `lasy' in version `bold'
(Font)                  U/lasy/m/n --> U/lasy/b/n on input line 52.
)
("C:\Users\m_albezem\AppData\Local\Programs\MiKTeX 2.9\tex/latex/amsmath\amsmat
h.sty"
Package: amsmath 2020/01/20 v2.17e AMS math features
\@mathmargin=\skip52

For additional information on amsmath, use the `?' option.

("C:\Users\m_albezem\AppData\Local\Programs\MiKTeX 2.9\tex/latex/amsmath\amstex
t.sty"
Package: amstext 2000/06/29 v2.01 AMS text

("C:\Users\m_albezem\AppData\Local\Programs\MiKTeX 2.9\tex/latex/amsmath\amsgen
.sty"
File: amsgen.sty 1999/11/30 v2.0 generic functions
\@emptytoks=\toks20
\ex@=\dimen142
))
("C:\Users\m_albezem\AppData\Local\Programs\MiKTeX 2.9\tex/latex/amsmath\amsbsy
.sty"
Package: amsbsy 1999/11/29 v1.2d Bold Symbols
\pmbraise@=\dimen143
)
("C:\Users\m_albezem\AppData\Local\Programs\MiKTeX 2.9\tex/latex/amsmath\amsopn
.sty"
Package: amsopn 2016/03/08 v2.02 operator names
)
\inf@bad=\count183
LaTeX Info: Redefining \frac on input line 227.
\uproot@=\count184
\leftroot@=\count185
LaTeX Info: Redefining \overline on input line 389.
\classnum@=\count186
\DOTSCASE@=\count187
LaTeX Info: Redefining \ldots on input line 486.
LaTeX Info: Redefining \dots on input line 489.
LaTeX Info: Redefining \cdots on input line 610.
\Mathstrutbox@=\box47
\strutbox@=\box48
\big@size=\dimen144
LaTeX Font Info:    Redeclaring font encoding OML on input line 733.
LaTeX Font Info:    Redeclaring font encoding OMS on input line 734.
\macc@depth=\count188
\c@MaxMatrixCols=\count189
\dotsspace@=\muskip16
\c@parentequation=\count190
\dspbrk@lvl=\count191
\tag@help=\toks21
\row@=\count192
\column@=\count193
\maxfields@=\count194
\andhelp@=\toks22
\eqnshift@=\dimen145
\alignsep@=\dimen146
\tagshift@=\dimen147
\tagwidth@=\dimen148
\totwidth@=\dimen149
\lineht@=\dimen150
\@envbody=\toks23
\multlinegap=\skip53
\multlinetaggap=\skip54
\mathdisplay@stack=\toks24
LaTeX Info: Redefining \[ on input line 2859.
LaTeX Info: Redefining \] on input line 2860.
)
("C:\Users\m_albezem\AppData\Local\Programs\MiKTeX 2.9\tex/latex/amsfonts\amssy
mb.sty"
Package: amssymb 2013/01/14 v3.01 AMS font symbols

("C:\Users\m_albezem\AppData\Local\Programs\MiKTeX 2.9\tex/latex/amsfonts\amsfo
nts.sty"
Package: amsfonts 2013/01/14 v3.01 Basic AMSFonts support
\symAMSa=\mathgroup5
\symAMSb=\mathgroup6
LaTeX Font Info:    Redeclaring math symbol \hbar on input line 98.
LaTeX Font Info:    Overwriting math alphabet `\mathfrak' in version `bold'
(Font)                  U/euf/m/n --> U/euf/b/n on input line 106.
))
("C:\Users\m_albezem\AppData\Local\Programs\MiKTeX 2.9\tex/latex/booktabs\bookt
abs.sty"
Package: booktabs 2020/01/12 v1.61803398 Publication quality tables
\heavyrulewidth=\dimen151
\lightrulewidth=\dimen152
\cmidrulewidth=\dimen153
\belowrulesep=\dimen154
\belowbottomsep=\dimen155
\aboverulesep=\dimen156
\abovetopsep=\dimen157
\cmidrulesep=\dimen158
\cmidrulekern=\dimen159
\defaultaddspace=\dimen160
\@cmidla=\count195
\@cmidlb=\count196
\@aboverulesep=\dimen161
\@belowrulesep=\dimen162
\@thisruleclass=\count197
\@lastruleclass=\count198
\@thisrulewidth=\dimen163
)
("C:\Users\m_albezem\AppData\Local\Programs\MiKTeX 2.9\tex/latex/caption\captio
n.sty"
Package: caption 2020/05/10 v3.4j Customizing captions (AR)

("C:\Users\m_albezem\AppData\Local\Programs\MiKTeX 2.9\tex/latex/caption\captio
n3.sty"
Package: caption3 2020/05/10 v1.11 caption3 kernel (AR)
Package caption3 Info: TeX engine: e-TeX on input line 61.
\captionmargin=\dimen164
\captionmargin@=\dimen165
\captionwidth=\dimen166
\caption@tempdima=\dimen167
\caption@indent=\dimen168
\caption@parindent=\dimen169
\caption@hangindent=\dimen170
Package caption Info: Standard document class detected.
)
\c@caption@flags=\count199
\c@continuedfloat=\count266
)
("C:\Users\m_albezem\AppData\Local\Programs\MiKTeX 2.9\tex/latex/caption\subcap
tion.sty"
Package: subcaption 2020/01/22 v1.3d Sub-captions (AR)
\c@subfigure=\count267
\c@subtable=\count268
) (noindent.sty)
("C:\Users\m_albezem\AppData\Local\Programs\MiKTeX 2.9\tex/latex/psnfss\palatin
o.sty"
Package: palatino 2020/03/25 PSNFSS-v9.3 (SPQR) 
)
("C:\Users\m_albezem\AppData\Local\Programs\MiKTeX 2.9\tex/latex/natbib\natbib.
sty"
Package: natbib 2010/09/13 8.31b (PWD, AO)
\bibhang=\skip55
\bibsep=\skip56
LaTeX Info: Redefining \cite on input line 694.
\c@NAT@ctr=\count269
)
("C:\Users\m_albezem\AppData\Local\Programs\MiKTeX 2.9\tex/latex/mparhack\mparh
ack.sty"
Package: mparhack 2005/04/17 v1.4 (T. Sgouros and S. Ulrich)
)
("C:\Users\m_albezem\AppData\Local\Programs\MiKTeX 2.9\tex/latex/hyperref\hyper
ref.sty"
Package: hyperref 2020/01/14 v7.00d Hypertext links for LaTeX

("C:\Users\m_albezem\AppData\Local\Programs\MiKTeX 2.9\tex/latex/pdftexcmds\pdf
texcmds.sty"
Package: pdftexcmds 2019/11/24 v0.31 Utility functions of pdfTeX for LuaTeX (HO
)
Package pdftexcmds Info: \pdf@primitive is available.
Package pdftexcmds Info: \pdf@ifprimitive is available.
Package pdftexcmds Info: \pdfdraftmode found.
)
("C:\Users\m_albezem\AppData\Local\Programs\MiKTeX 2.9\tex/generic/kvsetkeys\kv
setkeys.sty"
Package: kvsetkeys 2019/12/15 v1.18 Key value parser (HO)
)
("C:\Users\m_albezem\AppData\Local\Programs\MiKTeX 2.9\tex/generic/kvdefinekeys
\kvdefinekeys.sty"
Package: kvdefinekeys 2019-12-19 v1.6 Define keys (HO)
)
("C:\Users\m_albezem\AppData\Local\Programs\MiKTeX 2.9\tex/generic/pdfescape\pd
fescape.sty"
Package: pdfescape 2019/12/09 v1.15 Implements pdfTeX's escape features (HO)
)
("C:\Users\m_albezem\AppData\Local\Programs\MiKTeX 2.9\tex/latex/hycolor\hycolo
r.sty"
Package: hycolor 2020-01-27 v1.10 Color options for hyperref/bookmark (HO)
)
("C:\Users\m_albezem\AppData\Local\Programs\MiKTeX 2.9\tex/latex/letltxmacro\le
tltxmacro.sty"
Package: letltxmacro 2019/12/03 v1.6 Let assignment for LaTeX macros (HO)
)
("C:\Users\m_albezem\AppData\Local\Programs\MiKTeX 2.9\tex/latex/auxhook\auxhoo
k.sty"
Package: auxhook 2019-12-17 v1.6 Hooks for auxiliary files (HO)
)
("C:\Users\m_albezem\AppData\Local\Programs\MiKTeX 2.9\tex/latex/kvoptions\kvop
tions.sty"
Package: kvoptions 2019/11/29 v3.13 Key value format for package options (HO)
)
\@linkdim=\dimen171
\Hy@linkcounter=\count270
\Hy@pagecounter=\count271

("C:\Users\m_albezem\AppData\Local\Programs\MiKTeX 2.9\tex/latex/hyperref\pd1en
c.def"
File: pd1enc.def 2020/01/14 v7.00d Hyperref: PDFDocEncoding definition (HO)
Now handling font encoding PD1 ...
... no UTF-8 mapping file for font encoding PD1
)
("C:\Users\m_albezem\AppData\Local\Programs\MiKTeX 2.9\tex/generic/intcalc\intc
alc.sty"
Package: intcalc 2019/12/15 v1.3 Expandable calculations with integers (HO)
)
("C:\Users\m_albezem\AppData\Local\Programs\MiKTeX 2.9\tex/generic/etexcmds\ete
xcmds.sty"
Package: etexcmds 2019/12/15 v1.7 Avoid name clashes with e-TeX commands (HO)
)
\Hy@SavedSpaceFactor=\count272
Package hyperref Info: Option `plainpages' set `false' on input line 4421.
Package hyperref Info: Option `pdfpagelabels' set `true' on input line 4421.
Package hyperref Info: Option `bookmarks' set `true' on input line 4421.
Package hyperref Info: Hyper figures OFF on input line 4547.
Package hyperref Info: Link nesting OFF on input line 4552.
Package hyperref Info: Hyper index ON on input line 4555.
Package hyperref Info: Plain pages OFF on input line 4562.
Package hyperref Info: Backreferencing OFF on input line 4567.
Package hyperref Info: Implicit mode ON; LaTeX internals redefined.
Package hyperref Info: Bookmarks ON on input line 4800.
\c@Hy@tempcnt=\count273

("C:\Users\m_albezem\AppData\Local\Programs\MiKTeX 2.9\tex/latex/url\url.sty"
\Urlmuskip=\muskip17
Package: url 2013/09/16  ver 3.4  Verb mode for urls, etc.
)
LaTeX Info: Redefining \url on input line 5159.
\XeTeXLinkMargin=\dimen172

("C:\Users\m_albezem\AppData\Local\Programs\MiKTeX 2.9\tex/generic/bitset\bitse
t.sty"
Package: bitset 2019/12/09 v1.3 Handle bit-vector datatype (HO)

("C:\Users\m_albezem\AppData\Local\Programs\MiKTeX 2.9\tex/generic/bigintcalc\b
igintcalc.sty"
Package: bigintcalc 2019/12/15 v1.5 Expandable calculations on big integers (HO
)
))
\Fld@menulength=\count274
\Field@Width=\dimen173
\Fld@charsize=\dimen174
Package hyperref Info: Hyper figures OFF on input line 6430.
Package hyperref Info: Link nesting OFF on input line 6435.
Package hyperref Info: Hyper index ON on input line 6438.
Package hyperref Info: backreferencing OFF on input line 6445.
Package hyperref Info: Link coloring OFF on input line 6450.
Package hyperref Info: Link coloring with OCG OFF on input line 6455.
Package hyperref Info: PDF/A mode OFF on input line 6460.
LaTeX Info: Redefining \ref on input line 6500.
LaTeX Info: Redefining \pageref on input line 6504.
\Hy@abspage=\count275
\c@Item=\count276
\c@Hfootnote=\count277
)
Package hyperref Info: Driver (autodetected): hpdftex.

("C:\Users\m_albezem\AppData\Local\Programs\MiKTeX 2.9\tex/latex/hyperref\hpdft
ex.def"
File: hpdftex.def 2020/01/14 v7.00d Hyperref driver for pdfTeX

("C:\Users\m_albezem\AppData\Local\Programs\MiKTeX 2.9\tex/latex/atveryend\atve
ryend.sty"
Package: atveryend 2019-12-11 v1.11 Hooks at the very end of document (HO)
Package atveryend Info: \enddocument detected (standard20110627).
)
\Fld@listcount=\count278
\c@bookmark@seq@number=\count279

("C:\Users\m_albezem\AppData\Local\Programs\MiKTeX 2.9\tex/latex/rerunfilecheck
\rerunfilecheck.sty"
Package: rerunfilecheck 2019/12/05 v1.9 Rerun checks for auxiliary files (HO)

("C:\Users\m_albezem\AppData\Local\Programs\MiKTeX 2.9\tex/generic/uniquecounte
r\uniquecounter.sty"
Package: uniquecounter 2019/12/15 v1.4 Provide unlimited unique counter (HO)
)
Package uniquecounter Info: New unique counter `rerunfilecheck' on input line 2
86.
)
\Hy@SectionHShift=\skip57
)
("C:\Users\m_albezem\AppData\Local\Programs\MiKTeX 2.9\tex/latex/bookmark\bookm
ark.sty"
Package: bookmark 2019/12/03 v1.28 PDF bookmarks (HO)

("C:\Users\m_albezem\AppData\Local\Programs\MiKTeX 2.9\tex/latex/bookmark\bkm-p
dftex.def"
File: bkm-pdftex.def 2019/12/03 v1.28 bookmark driver for pdfTeX (HO)
\BKM@id=\count280
))
("C:\Users\m_albezem\AppData\Local\Programs\MiKTeX 2.9\tex/latex/fancyhdr\fancy
hdr.sty"
Package: fancyhdr 2019/01/31 v3.10 Extensive control of page headers and footer
s
\f@nch@headwidth=\skip58
\f@nch@O@elh=\skip59
\f@nch@O@erh=\skip60
\f@nch@O@olh=\skip61
\f@nch@O@orh=\skip62
\f@nch@O@elf=\skip63
\f@nch@O@erf=\skip64
\f@nch@O@olf=\skip65
\f@nch@O@orf=\skip66
)
("C:\Users\m_albezem\AppData\Local\Programs\MiKTeX 2.9\tex/latex/listings\listi
ngs.sty"
\lst@mode=\count281
\lst@gtempboxa=\box49
\lst@token=\toks25
\lst@length=\count282
\lst@currlwidth=\dimen175
\lst@column=\count283
\lst@pos=\count284
\lst@lostspace=\dimen176
\lst@width=\dimen177
\lst@newlines=\count285
\lst@lineno=\count286
\lst@maxwidth=\dimen178

("C:\Users\m_albezem\AppData\Local\Programs\MiKTeX 2.9\tex/latex/listings\lstmi
sc.sty"
File: lstmisc.sty 2020/03/24 1.8d (Carsten Heinz)
\c@lstnumber=\count287
\lst@skipnumbers=\count288
\lst@framebox=\box50
)
("C:\Users\m_albezem\AppData\Local\Programs\MiKTeX 2.9\tex/latex/listings\listi
ngs.cfg"
File: listings.cfg 2020/03/24 1.8d listings configuration
))
Package: listings 2020/03/24 1.8d (Carsten Heinz)

("C:\Users\m_albezem\AppData\Local\Programs\MiKTeX 2.9\tex/latex/fancyvrb\fancy
vrb.sty"
Package: fancyvrb 2020/05/03 v3.6 verbatim text (tvz,hv)
\FV@CodeLineNo=\count289
\FV@InFile=\read3
\FV@TabBox=\box51
\c@FancyVerbLine=\count290
\FV@StepNumber=\count291
\FV@OutFile=\write3
)
("C:\Users\m_albezem\AppData\Local\Programs\MiKTeX 2.9\tex/latex/base\alltt.sty
"
Package: alltt 1997/06/16 v2.0g defines alltt environment
)
("C:\Users\m_albezem\AppData\Local\Programs\MiKTeX 2.9\tex/latex/tools\verbatim
.sty"
Package: verbatim 2019/11/10 v1.5r LaTeX2e package for verbatim enhancements
\every@verbatim=\toks26
\verbatim@line=\toks27
\verbatim@in@stream=\read4
)
("C:\Users\m_albezem\AppData\Local\Programs\MiKTeX 2.9\tex/latex/verbatimbox\ve
rbatimbox.sty"
Package: verbatimbox 2014/03/12 v3.13 Routines for placing verbatim text into b
oxes, useful in places where the verbatim environment is inaccessible. Secondar
ily, for adding vertical buffer around an object.

("C:\Users\m_albezem\AppData\Local\Programs\MiKTeX 2.9\tex/latex/readarray\read
array.sty"
Package: readarray 2016/11/07\ 2.0\ Routines for inputting 2D and 3D array data
 and recalling it on an element-by-element basis.

("C:\Users\m_albezem\AppData\Local\Programs\MiKTeX 2.9\tex/latex/listofitems\li
stofitems.sty"
("C:\Users\m_albezem\AppData\Local\Programs\MiKTeX 2.9\tex/generic/listofitems\
listofitems.tex"
\loi_cnt_foreach_nest=\count292
\loi_nestcnt=\count293
)
Package: listofitems 2019/08/21 v1.63 Grab items in lists using user-specified 
sep char (CT)
)
\c@@index=\count294
\c@@plane=\count295
\c@@row=\count296
\c@@col=\count297
\c@use@args=\count298
\c@@record=\count299
\c@arg@index=\count300
\c@break@count=\count301
\c@index@count=\count302
\c@loop@count=\count303
\Arg@toks=\toks28
\@arrayident@toks=\toks29
\rdar@file=\read5

readarray: bounds checking OFF
)
\savedverbbox=\box52
\c@VerbboxLineNo=\count304
\boxtopsep=\dimen179
\boxbottomsep=\dimen180
\ps@tempdima=\dimen181
\ps@tempboxa=\box53
\boxtop@sep=\skip67
\boxbottom@sep=\skip68
)
("C:\Users\m_albezem\AppData\Local\Programs\MiKTeX 2.9\tex/latex/mdwtools\sverb
.sty"
Package: sverb 1996/05/08 1.3 Verbatim typesetting
\svtab=\dimen182
\listingindent=\dimen183
\sv@writefile=\write4
\sv@nestcount=\count305
)
("C:\Users\m_albezem\AppData\Local\Programs\MiKTeX 2.9\tex/latex/adjustbox\adju
stbox.sty"
Package: adjustbox 2019/01/04 v1.2 Adjusting TeX boxes (trim, clip, ...)

("C:\Users\m_albezem\AppData\Local\Programs\MiKTeX 2.9\tex/latex/xkeyval\xkeyva
l.sty"
Package: xkeyval 2014/12/03 v2.7a package option processing (HA)

("C:\Users\m_albezem\AppData\Local\Programs\MiKTeX 2.9\tex/generic/xkeyval\xkey
val.tex"
("C:\Users\m_albezem\AppData\Local\Programs\MiKTeX 2.9\tex/generic/xkeyval\xkvu
tils.tex"
\XKV@toks=\toks30
\XKV@tempa@toks=\toks31
)
\XKV@depth=\count306
File: xkeyval.tex 2014/12/03 v2.7a key=value parser (HA)
))
("C:\Users\m_albezem\AppData\Local\Programs\MiKTeX 2.9\tex/latex/adjustbox\adjc
alc.sty"
Package: adjcalc 2012/05/16 v1.1 Provides advanced setlength with multiple back
-ends (calc, etex, pgfmath)
)
("C:\Users\m_albezem\AppData\Local\Programs\MiKTeX 2.9\tex/latex/adjustbox\trim
clip.sty"
Package: trimclip 2018/04/08 v1.1 Trim and clip general TeX material

("C:\Users\m_albezem\AppData\Local\Programs\MiKTeX 2.9\tex/latex/collectbox\col
lectbox.sty"
Package: collectbox 2012/05/17 v0.4b Collect macro arguments as boxes
\collectedbox=\box54
)
\tc@llx=\dimen184
\tc@lly=\dimen185
\tc@urx=\dimen186
\tc@ury=\dimen187
Package trimclip Info: Using driver 'tc-pdftex.def'.

("C:\Users\m_albezem\AppData\Local\Programs\MiKTeX 2.9\tex/latex/adjustbox\tc-p
dftex.def"
File: tc-pdftex.def 2019/01/04 v2.2 Clipping driver for pdftex
))
\adjbox@Width=\dimen188
\adjbox@Height=\dimen189
\adjbox@Depth=\dimen190
\adjbox@Totalheight=\dimen191
\adjbox@pwidth=\dimen192
\adjbox@pheight=\dimen193
\adjbox@pdepth=\dimen194
\adjbox@ptotalheight=\dimen195

("C:\Users\m_albezem\AppData\Local\Programs\MiKTeX 2.9\tex/latex/ifoddpage\ifod
dpage.sty"
Package: ifoddpage 2016/04/23 v1.1 Conditionals for odd/even page detection
\c@checkoddpage=\count307
)
("C:\Users\m_albezem\AppData\Local\Programs\MiKTeX 2.9\tex/latex/varwidth\varwi
dth.sty"
Package: varwidth 2009/03/30 ver 0.92;  Variable-width minipages
\@vwid@box=\box55
\sift@deathcycles=\count308
\@vwid@loff=\dimen196
\@vwid@roff=\dimen197
))
("C:\Users\m_albezem\AppData\Local\Programs\MiKTeX 2.9\tex/latex/geometry\geome
try.sty"
Package: geometry 2020/01/02 v5.9 Page Geometry

("C:\Users\m_albezem\AppData\Local\Programs\MiKTeX 2.9\tex/generic/iftex\ifvtex
.sty"
Package: ifvtex 2019/10/25 v1.7 ifvtex legacy package. Use iftex instead.
)
\Gm@cnth=\count309
\Gm@cntv=\count310
\c@Gm@tempcnt=\count311
\Gm@bindingoffset=\dimen198
\Gm@wd@mp=\dimen199
\Gm@odd@mp=\dimen256
\Gm@even@mp=\dimen257
\Gm@layoutwidth=\dimen258
\Gm@layoutheight=\dimen259
\Gm@layouthoffset=\dimen260
\Gm@layoutvoffset=\dimen261
\Gm@dimlist=\toks32

("C:\Users\m_albezem\AppData\Local\Programs\MiKTeX 2.9\tex/latex/geometry\geome
try.cfg"))
("C:\Users\m_albezem\AppData\Local\Programs\MiKTeX 2.9\tex/latex/titlesec\title
sec.sty"
Package: titlesec 2019/10/16 v2.13 Sectioning titles
\ttl@box=\box56
\beforetitleunit=\skip69
\aftertitleunit=\skip70
\ttl@plus=\dimen262
\ttl@minus=\dimen263
\ttl@toksa=\toks33
\titlewidth=\dimen264
\titlewidthlast=\dimen265
\titlewidthfirst=\dimen266
)
\fullwidth=\skip71

("C:\Users\m_albezem\AppData\Local\Programs\MiKTeX 2.9\tex/latex/imakeidx\imake
idx.sty"
Package: imakeidx 2016/10/15 v1.3e Package for typesetting indices in a synchro
nous mode

("C:\Users\m_albezem\AppData\Local\Programs\MiKTeX 2.9\tex/generic/iftex\ifxete
x.sty"
Package: ifxetex 2019/10/25 v0.7 ifxetex legacy package. Use iftex instead.
)
("C:\Users\m_albezem\AppData\Local\Programs\MiKTeX 2.9\tex/generic/iftex\ifluat
ex.sty"
Package: ifluatex 2019/10/25 v1.5 ifluatex legacy package. Use iftex instead.
)
("C:\Users\m_albezem\AppData\Local\Programs\MiKTeX 2.9\tex/latex/tools\multicol
.sty"
Package: multicol 2019/12/09 v1.8y multicolumn formatting (FMi)
\c@tracingmulticols=\count312
\mult@box=\box57
\multicol@leftmargin=\dimen267
\c@unbalance=\count313
\c@collectmore=\count314
\doublecol@number=\count315
\multicoltolerance=\count316
\multicolpretolerance=\count317
\full@width=\dimen268
\page@free=\dimen269
\premulticols=\dimen270
\postmulticols=\dimen271
\multicolsep=\skip72
\multicolbaselineskip=\skip73
\partial@page=\box58
\last@line=\box59
\maxbalancingoverflow=\dimen272
\mult@rightbox=\box60
\mult@grightbox=\box61
\mult@gfirstbox=\box62
\mult@firstbox=\box63
\@tempa=\box64
\@tempa=\box65
\@tempa=\box66
\@tempa=\box67
\@tempa=\box68
\@tempa=\box69
\@tempa=\box70
\@tempa=\box71
\@tempa=\box72
\@tempa=\box73
\@tempa=\box74
\@tempa=\box75
\@tempa=\box76
\@tempa=\box77
\@tempa=\box78
\@tempa=\box79
\@tempa=\box80
\@tempa=\box81
\@tempa=\box82
\@tempa=\box83
\@tempa=\box84
\@tempa=\box85
\@tempa=\box86
\@tempa=\box87
\@tempa=\box88
\@tempa=\box89
\@tempa=\box90
\@tempa=\box91
\@tempa=\box92
\@tempa=\box93
\@tempa=\box94
\@tempa=\box95
\@tempa=\box96
\@tempa=\box97
\@tempa=\box98
\@tempa=\box99
\@tempa=\box100
\c@minrows=\count318
\c@columnbadness=\count319
\c@finalcolumnbadness=\count320
\last@try=\dimen273
\multicolovershoot=\dimen274
\multicolundershoot=\dimen275
\mult@nat@firstbox=\box101
\colbreak@box=\box102
\mc@col@check@num=\count321
))
\main@idxfile=\write5
\openout5 = `main.idx'.


Writing index file main.idx

("C:\Users\m_albezem\AppData\Local\Programs\MiKTeX 2.9\tex/latex/changepage\chn
gpage.sty"
Package: chngpage 2009/10/20 v1.2b change page layout
\c@cp@cnt=\count322
\c@cp@tempcnt=\count323
LaTeX Info: Redefining \checkoddpage on input line 48.
)
("C:\Users\m_albezem\AppData\Local\Programs\MiKTeX 2.9\tex/latex/graphics\rotat
ing.sty"
Package: rotating 2016/08/11 v2.16d rotated objects in LaTeX
\c@r@tfl@t=\count324
\rotFPtop=\skip74
\rotFPbot=\skip75
\rot@float@box=\box103
\rot@mess@toks=\toks34
)
\myDefBoxWidth=\skip76
\myBigDefBoxWidth=\skip77
)
("C:\Users\m_albezem\AppData\Local\Programs\MiKTeX 2.9\tex/latex/pgf/frontendla
yer\tikz.sty"
("C:\Users\m_albezem\AppData\Local\Programs\MiKTeX 2.9\tex/latex/pgf/basiclayer
\pgf.sty"
("C:\Users\m_albezem\AppData\Local\Programs\MiKTeX 2.9\tex/latex/pgf/utilities\
pgfrcs.sty"
("C:\Users\m_albezem\AppData\Local\Programs\MiKTeX 2.9\tex/generic/pgf/utilitie
s\pgfutil-common.tex"
\pgfutil@everybye=\toks35
\pgfutil@tempdima=\dimen276
\pgfutil@tempdimb=\dimen277

("C:\Users\m_albezem\AppData\Local\Programs\MiKTeX 2.9\tex/generic/pgf/utilitie
s\pgfutil-common-lists.tex"))
("C:\Users\m_albezem\AppData\Local\Programs\MiKTeX 2.9\tex/generic/pgf/utilitie
s\pgfutil-latex.def"
\pgfutil@abb=\box104

("C:\Users\m_albezem\AppData\Local\Programs\MiKTeX 2.9\tex/latex/ms\everyshi.st
y"
Package: everyshi 2001/05/15 v3.00 EveryShipout Package (MS)
))
("C:\Users\m_albezem\AppData\Local\Programs\MiKTeX 2.9\tex/generic/pgf/utilitie
s\pgfrcs.code.tex"
("C:\Users\m_albezem\AppData\Local\Programs\MiKTeX 2.9\tex/generic/pgf\pgf.revi
sion.tex")
Package: pgfrcs 2020/01/08 v3.1.5b (3.1.5b)
))
Package: pgf 2020/01/08 v3.1.5b (3.1.5b)

("C:\Users\m_albezem\AppData\Local\Programs\MiKTeX 2.9\tex/latex/pgf/basiclayer
\pgfcore.sty"
("C:\Users\m_albezem\AppData\Local\Programs\MiKTeX 2.9\tex/latex/pgf/systemlaye
r\pgfsys.sty"
("C:\Users\m_albezem\AppData\Local\Programs\MiKTeX 2.9\tex/generic/pgf/systemla
yer\pgfsys.code.tex"
Package: pgfsys 2020/01/08 v3.1.5b (3.1.5b)

("C:\Users\m_albezem\AppData\Local\Programs\MiKTeX 2.9\tex/generic/pgf/utilitie
s\pgfkeys.code.tex"
\pgfkeys@pathtoks=\toks36
\pgfkeys@temptoks=\toks37

("C:\Users\m_albezem\AppData\Local\Programs\MiKTeX 2.9\tex/generic/pgf/utilitie
s\pgfkeysfiltered.code.tex"
\pgfkeys@tmptoks=\toks38
))
\pgf@x=\dimen278
\pgf@y=\dimen279
\pgf@xa=\dimen280
\pgf@ya=\dimen281
\pgf@xb=\dimen282
\pgf@yb=\dimen283
\pgf@xc=\dimen284
\pgf@yc=\dimen285
\pgf@xd=\dimen286
\pgf@yd=\dimen287
\w@pgf@writea=\write6
\r@pgf@reada=\read6
\c@pgf@counta=\count325
\c@pgf@countb=\count326
\c@pgf@countc=\count327
\c@pgf@countd=\count328
\t@pgf@toka=\toks39
\t@pgf@tokb=\toks40
\t@pgf@tokc=\toks41
\pgf@sys@id@count=\count329

("C:\Users\m_albezem\AppData\Local\Programs\MiKTeX 2.9\tex/generic/pgf/systemla
yer\pgf.cfg"
File: pgf.cfg 2020/01/08 v3.1.5b (3.1.5b)
)
Driver file for pgf: pgfsys-pdftex.def

("C:\Users\m_albezem\AppData\Local\Programs\MiKTeX 2.9\tex/generic/pgf/systemla
yer\pgfsys-pdftex.def"
File: pgfsys-pdftex.def 2020/01/08 v3.1.5b (3.1.5b)

("C:\Users\m_albezem\AppData\Local\Programs\MiKTeX 2.9\tex/generic/pgf/systemla
yer\pgfsys-common-pdf.def"
File: pgfsys-common-pdf.def 2020/01/08 v3.1.5b (3.1.5b)
)))
("C:\Users\m_albezem\AppData\Local\Programs\MiKTeX 2.9\tex/generic/pgf/systemla
yer\pgfsyssoftpath.code.tex"
File: pgfsyssoftpath.code.tex 2020/01/08 v3.1.5b (3.1.5b)
\pgfsyssoftpath@smallbuffer@items=\count330
\pgfsyssoftpath@bigbuffer@items=\count331
)
("C:\Users\m_albezem\AppData\Local\Programs\MiKTeX 2.9\tex/generic/pgf/systemla
yer\pgfsysprotocol.code.tex"
File: pgfsysprotocol.code.tex 2020/01/08 v3.1.5b (3.1.5b)
))
("C:\Users\m_albezem\AppData\Local\Programs\MiKTeX 2.9\tex/generic/pgf/basiclay
er\pgfcore.code.tex"
Package: pgfcore 2020/01/08 v3.1.5b (3.1.5b)

("C:\Users\m_albezem\AppData\Local\Programs\MiKTeX 2.9\tex/generic/pgf/math\pgf
math.code.tex"
("C:\Users\m_albezem\AppData\Local\Programs\MiKTeX 2.9\tex/generic/pgf/math\pgf
mathcalc.code.tex"
("C:\Users\m_albezem\AppData\Local\Programs\MiKTeX 2.9\tex/generic/pgf/math\pgf
mathutil.code.tex")
("C:\Users\m_albezem\AppData\Local\Programs\MiKTeX 2.9\tex/generic/pgf/math\pgf
mathparser.code.tex"
\pgfmath@dimen=\dimen288
\pgfmath@count=\count332
\pgfmath@box=\box105
\pgfmath@toks=\toks42
\pgfmath@stack@operand=\toks43
\pgfmath@stack@operation=\toks44
)
("C:\Users\m_albezem\AppData\Local\Programs\MiKTeX 2.9\tex/generic/pgf/math\pgf
mathfunctions.code.tex"
("C:\Users\m_albezem\AppData\Local\Programs\MiKTeX 2.9\tex/generic/pgf/math\pgf
mathfunctions.basic.code.tex")
("C:\Users\m_albezem\AppData\Local\Programs\MiKTeX 2.9\tex/generic/pgf/math\pgf
mathfunctions.trigonometric.code.tex")
("C:\Users\m_albezem\AppData\Local\Programs\MiKTeX 2.9\tex/generic/pgf/math\pgf
mathfunctions.random.code.tex")
("C:\Users\m_albezem\AppData\Local\Programs\MiKTeX 2.9\tex/generic/pgf/math\pgf
mathfunctions.comparison.code.tex")
("C:\Users\m_albezem\AppData\Local\Programs\MiKTeX 2.9\tex/generic/pgf/math\pgf
mathfunctions.base.code.tex")
("C:\Users\m_albezem\AppData\Local\Programs\MiKTeX 2.9\tex/generic/pgf/math\pgf
mathfunctions.round.code.tex")
("C:\Users\m_albezem\AppData\Local\Programs\MiKTeX 2.9\tex/generic/pgf/math\pgf
mathfunctions.misc.code.tex")
("C:\Users\m_albezem\AppData\Local\Programs\MiKTeX 2.9\tex/generic/pgf/math\pgf
mathfunctions.integerarithmetics.code.tex")))
("C:\Users\m_albezem\AppData\Local\Programs\MiKTeX 2.9\tex/generic/pgf/math\pgf
mathfloat.code.tex"
\c@pgfmathroundto@lastzeros=\count333
))
("C:\Users\m_albezem\AppData\Local\Programs\MiKTeX 2.9\tex/generic/pgf/math\pgf
int.code.tex")
("C:\Users\m_albezem\AppData\Local\Programs\MiKTeX 2.9\tex/generic/pgf/basiclay
er\pgfcorepoints.code.tex"
File: pgfcorepoints.code.tex 2020/01/08 v3.1.5b (3.1.5b)
\pgf@picminx=\dimen289
\pgf@picmaxx=\dimen290
\pgf@picminy=\dimen291
\pgf@picmaxy=\dimen292
\pgf@pathminx=\dimen293
\pgf@pathmaxx=\dimen294
\pgf@pathminy=\dimen295
\pgf@pathmaxy=\dimen296
\pgf@xx=\dimen297
\pgf@xy=\dimen298
\pgf@yx=\dimen299
\pgf@yy=\dimen300
\pgf@zx=\dimen301
\pgf@zy=\dimen302
)
("C:\Users\m_albezem\AppData\Local\Programs\MiKTeX 2.9\tex/generic/pgf/basiclay
er\pgfcorepathconstruct.code.tex"
File: pgfcorepathconstruct.code.tex 2020/01/08 v3.1.5b (3.1.5b)
\pgf@path@lastx=\dimen303
\pgf@path@lasty=\dimen304
)
("C:\Users\m_albezem\AppData\Local\Programs\MiKTeX 2.9\tex/generic/pgf/basiclay
er\pgfcorepathusage.code.tex"
File: pgfcorepathusage.code.tex 2020/01/08 v3.1.5b (3.1.5b)
\pgf@shorten@end@additional=\dimen305
\pgf@shorten@start@additional=\dimen306
)
("C:\Users\m_albezem\AppData\Local\Programs\MiKTeX 2.9\tex/generic/pgf/basiclay
er\pgfcorescopes.code.tex"
File: pgfcorescopes.code.tex 2020/01/08 v3.1.5b (3.1.5b)
\pgfpic=\box106
\pgf@hbox=\box107
\pgf@layerbox@main=\box108
\pgf@picture@serial@count=\count334
)
("C:\Users\m_albezem\AppData\Local\Programs\MiKTeX 2.9\tex/generic/pgf/basiclay
er\pgfcoregraphicstate.code.tex"
File: pgfcoregraphicstate.code.tex 2020/01/08 v3.1.5b (3.1.5b)
\pgflinewidth=\dimen307
)
("C:\Users\m_albezem\AppData\Local\Programs\MiKTeX 2.9\tex/generic/pgf/basiclay
er\pgfcoretransformations.code.tex"
File: pgfcoretransformations.code.tex 2020/01/08 v3.1.5b (3.1.5b)
\pgf@pt@x=\dimen308
\pgf@pt@y=\dimen309
\pgf@pt@temp=\dimen310
)
("C:\Users\m_albezem\AppData\Local\Programs\MiKTeX 2.9\tex/generic/pgf/basiclay
er\pgfcorequick.code.tex"
File: pgfcorequick.code.tex 2020/01/08 v3.1.5b (3.1.5b)
)
("C:\Users\m_albezem\AppData\Local\Programs\MiKTeX 2.9\tex/generic/pgf/basiclay
er\pgfcoreobjects.code.tex"
File: pgfcoreobjects.code.tex 2020/01/08 v3.1.5b (3.1.5b)
)
("C:\Users\m_albezem\AppData\Local\Programs\MiKTeX 2.9\tex/generic/pgf/basiclay
er\pgfcorepathprocessing.code.tex"
File: pgfcorepathprocessing.code.tex 2020/01/08 v3.1.5b (3.1.5b)
)
("C:\Users\m_albezem\AppData\Local\Programs\MiKTeX 2.9\tex/generic/pgf/basiclay
er\pgfcorearrows.code.tex"
File: pgfcorearrows.code.tex 2020/01/08 v3.1.5b (3.1.5b)
\pgfarrowsep=\dimen311
)
("C:\Users\m_albezem\AppData\Local\Programs\MiKTeX 2.9\tex/generic/pgf/basiclay
er\pgfcoreshade.code.tex"
File: pgfcoreshade.code.tex 2020/01/08 v3.1.5b (3.1.5b)
\pgf@max=\dimen312
\pgf@sys@shading@range@num=\count335
\pgf@shadingcount=\count336
)
("C:\Users\m_albezem\AppData\Local\Programs\MiKTeX 2.9\tex/generic/pgf/basiclay
er\pgfcoreimage.code.tex"
File: pgfcoreimage.code.tex 2020/01/08 v3.1.5b (3.1.5b)

("C:\Users\m_albezem\AppData\Local\Programs\MiKTeX 2.9\tex/generic/pgf/basiclay
er\pgfcoreexternal.code.tex"
File: pgfcoreexternal.code.tex 2020/01/08 v3.1.5b (3.1.5b)
\pgfexternal@startupbox=\box109
))
("C:\Users\m_albezem\AppData\Local\Programs\MiKTeX 2.9\tex/generic/pgf/basiclay
er\pgfcorelayers.code.tex"
File: pgfcorelayers.code.tex 2020/01/08 v3.1.5b (3.1.5b)
)
("C:\Users\m_albezem\AppData\Local\Programs\MiKTeX 2.9\tex/generic/pgf/basiclay
er\pgfcoretransparency.code.tex"
File: pgfcoretransparency.code.tex 2020/01/08 v3.1.5b (3.1.5b)
)
("C:\Users\m_albezem\AppData\Local\Programs\MiKTeX 2.9\tex/generic/pgf/basiclay
er\pgfcorepatterns.code.tex"
File: pgfcorepatterns.code.tex 2020/01/08 v3.1.5b (3.1.5b)
)
("C:\Users\m_albezem\AppData\Local\Programs\MiKTeX 2.9\tex/generic/pgf/basiclay
er\pgfcorerdf.code.tex"
File: pgfcorerdf.code.tex 2020/01/08 v3.1.5b (3.1.5b)
)))
("C:\Users\m_albezem\AppData\Local\Programs\MiKTeX 2.9\tex/generic/pgf/modules\
pgfmoduleshapes.code.tex"
File: pgfmoduleshapes.code.tex 2020/01/08 v3.1.5b (3.1.5b)
\pgfnodeparttextbox=\box110
)
("C:\Users\m_albezem\AppData\Local\Programs\MiKTeX 2.9\tex/generic/pgf/modules\
pgfmoduleplot.code.tex"
File: pgfmoduleplot.code.tex 2020/01/08 v3.1.5b (3.1.5b)
)
("C:\Users\m_albezem\AppData\Local\Programs\MiKTeX 2.9\tex/latex/pgf/compatibil
ity\pgfcomp-version-0-65.sty"
Package: pgfcomp-version-0-65 2020/01/08 v3.1.5b (3.1.5b)
\pgf@nodesepstart=\dimen313
\pgf@nodesepend=\dimen314
)
("C:\Users\m_albezem\AppData\Local\Programs\MiKTeX 2.9\tex/latex/pgf/compatibil
ity\pgfcomp-version-1-18.sty"
Package: pgfcomp-version-1-18 2020/01/08 v3.1.5b (3.1.5b)
))
("C:\Users\m_albezem\AppData\Local\Programs\MiKTeX 2.9\tex/latex/pgf/utilities\
pgffor.sty"
("C:\Users\m_albezem\AppData\Local\Programs\MiKTeX 2.9\tex/latex/pgf/utilities\
pgfkeys.sty"
("C:\Users\m_albezem\AppData\Local\Programs\MiKTeX 2.9\tex/generic/pgf/utilitie
s\pgfkeys.code.tex"))
("C:\Users\m_albezem\AppData\Local\Programs\MiKTeX 2.9\tex/latex/pgf/math\pgfma
th.sty"
("C:\Users\m_albezem\AppData\Local\Programs\MiKTeX 2.9\tex/generic/pgf/math\pgf
math.code.tex"))
("C:\Users\m_albezem\AppData\Local\Programs\MiKTeX 2.9\tex/generic/pgf/utilitie
s\pgffor.code.tex"
Package: pgffor 2020/01/08 v3.1.5b (3.1.5b)

("C:\Users\m_albezem\AppData\Local\Programs\MiKTeX 2.9\tex/generic/pgf/math\pgf
math.code.tex")
\pgffor@iter=\dimen315
\pgffor@skip=\dimen316
\pgffor@stack=\toks45
\pgffor@toks=\toks46
))
("C:\Users\m_albezem\AppData\Local\Programs\MiKTeX 2.9\tex/generic/pgf/frontend
layer/tikz\tikz.code.tex"
Package: tikz 2020/01/08 v3.1.5b (3.1.5b)

("C:\Users\m_albezem\AppData\Local\Programs\MiKTeX 2.9\tex/generic/pgf/librarie
s\pgflibraryplothandlers.code.tex"
File: pgflibraryplothandlers.code.tex 2020/01/08 v3.1.5b (3.1.5b)
\pgf@plot@mark@count=\count337
\pgfplotmarksize=\dimen317
)
\tikz@lastx=\dimen318
\tikz@lasty=\dimen319
\tikz@lastxsaved=\dimen320
\tikz@lastysaved=\dimen321
\tikz@lastmovetox=\dimen322
\tikz@lastmovetoy=\dimen323
\tikzleveldistance=\dimen324
\tikzsiblingdistance=\dimen325
\tikz@figbox=\box111
\tikz@figbox@bg=\box112
\tikz@tempbox=\box113
\tikz@tempbox@bg=\box114
\tikztreelevel=\count338
\tikznumberofchildren=\count339
\tikznumberofcurrentchild=\count340
\tikz@fig@count=\count341

("C:\Users\m_albezem\AppData\Local\Programs\MiKTeX 2.9\tex/generic/pgf/modules\
pgfmodulematrix.code.tex"
File: pgfmodulematrix.code.tex 2020/01/08 v3.1.5b (3.1.5b)
\pgfmatrixcurrentrow=\count342
\pgfmatrixcurrentcolumn=\count343
\pgf@matrix@numberofcolumns=\count344
)
\tikz@expandcount=\count345

("C:\Users\m_albezem\AppData\Local\Programs\MiKTeX 2.9\tex/generic/pgf/frontend
layer/tikz/libraries\tikzlibrarytopaths.code.tex"
File: tikzlibrarytopaths.code.tex 2020/01/08 v3.1.5b (3.1.5b)
)))
("C:\Users\m_albezem\AppData\Local\Programs\MiKTeX 2.9\tex/generic/pgf/frontend
layer/tikz/libraries\tikzlibraryarrows.code.tex"
File: tikzlibraryarrows.code.tex 2020/01/08 v3.1.5b (3.1.5b)

("C:\Users\m_albezem\AppData\Local\Programs\MiKTeX 2.9\tex/generic/pgf/librarie
s\pgflibraryarrows.code.tex"
File: pgflibraryarrows.code.tex 2020/01/08 v3.1.5b (3.1.5b)
\arrowsize=\dimen326
))
("C:\Users\m_albezem\AppData\Local\Programs\MiKTeX 2.9\tex/latex/float\float.st
y"
Package: float 2001/11/08 v1.3d Float enhancements (AL)
\c@float@type=\count346
\float@exts=\toks47
\float@box=\box115
\@float@everytoks=\toks48
\@floatcapt=\box116
)
("C:\Users\m_albezem\AppData\Local\Programs\MiKTeX 2.9\tex/latex/struktex\struk
tex.sty"
("C:\Users\m_albezem\AppData\Local\Programs\MiKTeX 2.9\tex/latex/struktex\struk
txf.sty"
\symitalics=\mathgroup7
LaTeX Font Info:    Redeclaring symbol font `AMSb' on input line 29.
LaTeX Font Info:    Overwriting symbol font `AMSb' in version `normal'
(Font)                  U/msb/m/n --> U/msb/m/n on input line 29.
LaTeX Font Info:    Overwriting symbol font `AMSb' in version `bold'
(Font)                  U/msb/m/n --> U/msb/m/n on input line 29.
)
("C:\Users\m_albezem\AppData\Local\Programs\MiKTeX 2.9\tex/latex/struktex\struk
txp.sty")
("C:\Users\m_albezem\AppData\Local\Programs\MiKTeX 2.9\tex/latex/pict2e\pict2e.
sty"
Package: pict2e 2019/08/20 v0.3c Improved picture commands (HjG,RN,JT)

("C:\Users\m_albezem\AppData\Local\Programs\MiKTeX 2.9\tex/latex/pict2e\pict2e.
cfg"
File: pict2e.cfg 2016/02/05 v0.1u pict2e configuration for teTeX/TeXLive
)
Package pict2e Info: Driver file: pdftex.def on input line 119.
Package pict2e Info: Driver file for pict2e: p2e-pdftex.def on input line 121.

("C:\Users\m_albezem\AppData\Local\Programs\MiKTeX 2.9\tex/latex/pict2e\p2e-pdf
tex.def"
File: p2e-pdftex.def 2016/02/05 v0.1u Driver-dependant file (RN,HjG,JT)
)
\pIIe@GRAPH=\toks49
\@arclen=\dimen327
\@arcrad=\dimen328
\@tempdimd=\dimen329
)
debug inactive
\savelength@nss=\dimen330
\gx@nss=\count347
\gy@nss=\count348
\gsize@nss=\count349
\TextBox@nss=\box117
\TextBoxHt@nss=\dimen331
LaTeX Font Info:    Redeclaring math symbol \varnothing on input line 167.
\descriptionindent=\skip78
\descriptionwidth=\skip79
\descriptionsep=\skip80
\descriptionwidth@nss=\skip81
\indentmeasure@nss=\dimen332
\indentmeasureright@nss=\dimen333
\thisindent@nss=\dimen334
\thisindentright@nss=\dimen335
\thislength@nss=\dimen336
\CenterBox@nss=\box118
)
("C:\Users\m_albezem\AppData\Local\Programs\MiKTeX 2.9\tex/latex/l3backend\l3ba
ckend-pdfmode.def"
File: l3backend-pdfmode.def 2020-05-05 L3 backend support: PDF mode
\l__kernel_color_stack_int=\count350
\l__pdf_internal_box=\box119
) (main.aux (indexAddOn.aux) (oathstatement.aux)
(chapter/06.aux))
\openout1 = `main.aux'.

LaTeX Font Info:    Checking defaults for OML/cmm/m/it on input line 63.
LaTeX Font Info:    ... okay on input line 63.
LaTeX Font Info:    Checking defaults for OMS/cmsy/m/n on input line 63.
LaTeX Font Info:    ... okay on input line 63.
LaTeX Font Info:    Checking defaults for OT1/cmr/m/n on input line 63.
LaTeX Font Info:    ... okay on input line 63.
LaTeX Font Info:    Checking defaults for T1/cmr/m/n on input line 63.
LaTeX Font Info:    ... okay on input line 63.
LaTeX Font Info:    Checking defaults for TS1/cmr/m/n on input line 63.
LaTeX Font Info:    ... okay on input line 63.
LaTeX Font Info:    Checking defaults for OMX/cmex/m/n on input line 63.
LaTeX Font Info:    ... okay on input line 63.
LaTeX Font Info:    Checking defaults for U/cmr/m/n on input line 63.
LaTeX Font Info:    ... okay on input line 63.
LaTeX Font Info:    Checking defaults for PD1/pdf/m/n on input line 63.
LaTeX Font Info:    ... okay on input line 63.
LaTeX Font Info:    Trying to load font information for OT1+ppl on input line 6
3.

("C:\Users\m_albezem\AppData\Local\Programs\MiKTeX 2.9\tex/latex/psnfss\ot1ppl.
fd"
File: ot1ppl.fd 2001/06/04 font definitions for OT1/ppl.
)
\AtBeginShipoutBox=\box120

("C:\Users\m_albezem\AppData\Local\Programs\MiKTeX 2.9\tex/context/base/mkii\su
pp-pdf.mkii"
[Loading MPS to PDF converter (version 2006.09.02).]
\scratchcounter=\count351
\scratchdimen=\dimen337
\scratchbox=\box121
\nofMPsegments=\count352
\nofMParguments=\count353
\everyMPshowfont=\toks50
\MPscratchCnt=\count354
\MPscratchDim=\dimen338
\MPnumerator=\count355
\makeMPintoPDFobject=\count356
\everyMPtoPDFconversion=\toks51
)
("C:\Users\m_albezem\AppData\Local\Programs\MiKTeX 2.9\tex/latex/epstopdf-pkg\e
pstopdf-base.sty"
Package: epstopdf-base 2020-01-24 v2.11 Base part for package epstopdf
Package epstopdf-base Info: Redefining graphics rule for `.eps' on input line 4
85.
)
("C:\Users\m_albezem\AppData\Local\Programs\MiKTeX 2.9\tex/latex/pdflscape\pdfl
scape.sty"
Package: pdflscape 2019/12/05 v0.12 Display of landscape pages in PDF (HO)

("C:\Users\m_albezem\AppData\Local\Programs\MiKTeX 2.9\tex/latex/graphics\lscap
e.sty"
Package: lscape 2000/10/22 v3.01 Landscape Pages (DPC)
)
Package pdflscape Info: Auto-detected driver: pdftex on input line 81.
)
Package caption Info: Begin \AtBeginDocument code.
Package caption Info: float package is loaded.
Package caption Info: hyperref package is loaded.
Package caption Info: listings package is loaded.
Package caption Info: rotating package is loaded.
Package caption Info: End \AtBeginDocument code.
Package hyperref Info: Link coloring OFF on input line 63.

("C:\Users\m_albezem\AppData\Local\Programs\MiKTeX 2.9\tex/latex/hyperref\namer
ef.sty"
Package: nameref 2019/09/16 v2.46 Cross-referencing by name of section

("C:\Users\m_albezem\AppData\Local\Programs\MiKTeX 2.9\tex/latex/refcount\refco
unt.sty"
Package: refcount 2019/12/15 v3.6 Data extraction from label references (HO)
)
("C:\Users\m_albezem\AppData\Local\Programs\MiKTeX 2.9\tex/generic/gettitlestri
ng\gettitlestring.sty"
Package: gettitlestring 2019/12/15 v1.6 Cleanup title references (HO)
)
\c@section@level=\count357
)
LaTeX Info: Redefining \ref on input line 63.
LaTeX Info: Redefining \pageref on input line 63.
LaTeX Info: Redefining \nameref on input line 63.
\c@lstlisting=\count358

*geometry* driver: auto-detecting
*geometry* detected driver: pdftex
*geometry* verbose mode - [ preamble ] result:
* driver: pdftex
* paper: a4paper
* layout: <same size as paper>
* layoutoffset:(h,v)=(0.0pt,0.0pt)
* bindingoffset: 28.45274pt
* modes: includehead includemp twoside 
* h-part:(L,W,R)=(56.9055pt, 426.79137pt, 85.35826pt)
* v-part:(T,H,B)=(56.9055pt, 702.78308pt, 85.35826pt)
* \paperwidth=597.50787pt
* \paperheight=845.04684pt
* \textwidth=426.79137pt
* \textheight=624.33034pt
* \oddsidemargin=13.08826pt
* \evensidemargin=13.08827pt
* \topmargin=-15.36449pt
* \headheight=50.0pt
* \headsep=28.45274pt
* \topskip=11.0pt
* \footskip=27.46295pt
* \marginparwidth=0.0pt
* \marginparsep=0.0pt
* \columnsep=10.0pt
* \skip\footins=10.0pt plus 4.0pt minus 2.0pt
* \hoffset=0.0pt
* \voffset=0.0pt
* \mag=1000
* \@twocolumnfalse
* \@twosidetrue
* \@mparswitchtrue
* \@reversemarginfalse
* (1in=72.27pt=25.4mm, 1cm=28.453pt)

ABD: EveryShipout initializing macros
\openout2 = `indexAddOn.aux'.

 (indexAddOn.tex)
LaTeX Font Info:    Trying to load font information for U+lasy on input line 10
5.

("C:\Users\m_albezem\AppData\Local\Programs\MiKTeX 2.9\tex/latex/base\ulasy.fd"
File: ulasy.fd 1998/08/17 v2.2e LaTeX symbol font definitions
)
LaTeX Font Info:    Trying to load font information for U+msa on input line 105
.

("C:\Users\m_albezem\AppData\Local\Programs\MiKTeX 2.9\tex/latex/amsfonts\umsa.
fd"
File: umsa.fd 2013/01/14 v3.01 AMS symbols A
)
LaTeX Font Info:    Trying to load font information for U+msb on input line 105
.

("C:\Users\m_albezem\AppData\Local\Programs\MiKTeX 2.9\tex/latex/amsfonts\umsb.
fd"
File: umsb.fd 2013/01/14 v3.01 AMS symbols B
) [1



\providecommand \oddpage@label [2]{}






{C:/Users/m_albezem/AppData/Local/MiKTeX/2.9/pdftex/config/pdftex.map}]
\openout2 = `oathstatement.aux'.


(oathstatement.t